<?xml version="1.0" encoding="UTF-8"?>
<coverage generated="1637274132038" clover="3.2.0">
  <project timestamp="1637274132039" name="All files">
    <metrics statements="14" coveredstatements="13" conditionals="4" coveredconditionals="2" methods="8" coveredmethods="5" elements="26" coveredelements="20" complexity="0" loc="14" ncloc="14" packages="1" files="4" classes="4"/>
    <file name="AddEventModal.js" path="C:\Users\MSI\TaskTree\frontend\src\components\AddEventModal.js">
      <metrics statements="4" coveredstatements="4" conditionals="0" coveredconditionals="0" methods="2" coveredmethods="1"/>
      <line num="6" count="2" type="stmt"/>
      <line num="7" count="2" type="stmt"/>
      <line num="8" count="2" type="stmt"/>
      <line num="10" count="2" type="stmt"/>
    </file>
    <file name="Dashboardform.js" path="C:\Users\MSI\TaskTree\frontend\src\components\Dashboardform.js">
      <metrics statements="8" coveredstatements="7" conditionals="4" coveredconditionals="2" methods="4" coveredmethods="2"/>
      <line num="5" count="3" type="cond" truecount="1" falsecount="1"/>
      <line num="7" count="3" type="stmt"/>
      <line num="9" count="3" type="stmt"/>
      <line num="10" count="3" type="stmt"/>
      <line num="13" count="3" type="stmt"/>
      <line num="14" count="0" type="stmt"/>
      <line num="17" count="3" type="stmt"/>
      <line num="33" count="3" type="stmt"/>
    </file>
    <file name="forgotPage.js" path="C:\Users\MSI\TaskTree\frontend\src\components\forgotPage.js">
      <metrics statements="1" coveredstatements="1" conditionals="0" coveredconditionals="0" methods="1" coveredmethods="1"/>
      <line num="4" count="1" type="stmt"/>
    </file>
    <file name="registerPage.js" path="C:\Users\MSI\TaskTree\frontend\src\components\registerPage.js">
      <metrics statements="1" coveredstatements="1" conditionals="0" coveredconditionals="0" methods="1" coveredmethods="1"/>
      <line num="4" count="1" type="stmt"/>
    </file>
  </project>
</coverage>
