{"C:\\Users\\wangr\\OneDrive\\Documents\\GitHub\\Your mom\\TaskTree\\frontend\\src\\App.js": {"path":"C:\\Users\\wangr\\OneDrive\\Documents\\GitHub\\Your mom\\TaskTree\\frontend\\src\\App.js","statementMap":{"0":{"start":{"line":25,"column":0},"end":{"line":41,"column":1}},"1":{"start":{"line":27,"column":16},"end":{"line":27,"column":37}},"2":{"start":{"line":28,"column":2},"end":{"line":28,"column":22}},"3":{"start":{"line":30,"column":18},"end":{"line":30,"column":35}},"4":{"start":{"line":32,"column":2},"end":{"line":32,"column":42}},"5":{"start":{"line":34,"column":22},"end":{"line":34,"column":39}},"6":{"start":{"line":35,"column":2},"end":{"line":40,"column":3}},"7":{"start":{"line":37,"column":4},"end":{"line":37,"column":33}},"8":{"start":{"line":39,"column":4},"end":{"line":39,"column":37}},"9":{"start":{"line":44,"column":2},"end":{"line":66,"column":4}}},"fnMap":{"0":{"name":"App","decl":{"start":{"line":43,"column":9},"end":{"line":43,"column":12}},"loc":{"start":{"line":43,"column":15},"end":{"line":67,"column":1}},"line":43}},"branchMap":{"0":{"loc":{"start":{"line":25,"column":0},"end":{"line":41,"column":1}},"type":"if","locations":[{"start":{"line":25,"column":0},"end":{"line":41,"column":1}},{"start":{},"end":{}}],"line":25},"1":{"loc":{"start":{"line":35,"column":2},"end":{"line":40,"column":3}},"type":"if","locations":[{"start":{"line":35,"column":2},"end":{"line":40,"column":3}},{"start":{},"end":{}}],"line":35}},"s":{"0":0,"1":0,"2":0,"3":0,"4":0,"5":0,"6":0,"7":0,"8":0,"9":0},"f":{"0":0},"b":{"0":[0,0],"1":[0,0]}}
,"C:\\Users\\wangr\\OneDrive\\Documents\\GitHub\\Your mom\\TaskTree\\frontend\\src\\index.js": {"path":"C:\\Users\\wangr\\OneDrive\\Documents\\GitHub\\Your mom\\TaskTree\\frontend\\src\\index.js","statementMap":{"0":{"start":{"line":9,"column":0},"end":{"line":14,"column":2}},"1":{"start":{"line":19,"column":0},"end":{"line":19,"column":18}}},"fnMap":{},"branchMap":{},"s":{"0":0,"1":0},"f":{},"b":{}}
,"C:\\Users\\wangr\\OneDrive\\Documents\\GitHub\\Your mom\\TaskTree\\frontend\\src\\reportWebVitals.js": {"path":"C:\\Users\\wangr\\OneDrive\\Documents\\GitHub\\Your mom\\TaskTree\\frontend\\src\\reportWebVitals.js","statementMap":{"0":{"start":{"line":1,"column":24},"end":{"line":11,"column":1}},"1":{"start":{"line":2,"column":2},"end":{"line":10,"column":3}},"2":{"start":{"line":3,"column":4},"end":{"line":9,"column":7}},"3":{"start":{"line":4,"column":6},"end":{"line":4,"column":26}},"4":{"start":{"line":5,"column":6},"end":{"line":5,"column":26}},"5":{"start":{"line":6,"column":6},"end":{"line":6,"column":26}},"6":{"start":{"line":7,"column":6},"end":{"line":7,"column":26}},"7":{"start":{"line":8,"column":6},"end":{"line":8,"column":27}}},"fnMap":{"0":{"name":"(anonymous_0)","decl":{"start":{"line":1,"column":24},"end":{"line":1,"column":25}},"loc":{"start":{"line":1,"column":39},"end":{"line":11,"column":1}},"line":1},"1":{"name":"(anonymous_1)","decl":{"start":{"line":3,"column":30},"end":{"line":3,"column":31}},"loc":{"start":{"line":3,"column":79},"end":{"line":9,"column":5}},"line":3}},"branchMap":{"0":{"loc":{"start":{"line":2,"column":2},"end":{"line":10,"column":3}},"type":"if","locations":[{"start":{"line":2,"column":2},"end":{"line":10,"column":3}},{"start":{},"end":{}}],"line":2},"1":{"loc":{"start":{"line":2,"column":6},"end":{"line":2,"column":52}},"type":"binary-expr","locations":[{"start":{"line":2,"column":6},"end":{"line":2,"column":17}},{"start":{"line":2,"column":21},"end":{"line":2,"column":52}}],"line":2}},"s":{"0":0,"1":0,"2":0,"3":0,"4":0,"5":0,"6":0,"7":0},"f":{"0":0,"1":0},"b":{"0":[0,0],"1":[0,0]}}
,"C:\\Users\\wangr\\OneDrive\\Documents\\GitHub\\Your mom\\TaskTree\\frontend\\src\\store.js": {"path":"C:\\Users\\wangr\\OneDrive\\Documents\\GitHub\\Your mom\\TaskTree\\frontend\\src\\store.js","statementMap":{"0":{"start":{"line":4,"column":21},"end":{"line":4,"column":23}},"1":{"start":{"line":5,"column":19},"end":{"line":5,"column":26}},"2":{"start":{"line":6,"column":14},"end":{"line":13,"column":1}}},"fnMap":{},"branchMap":{"0":{"loc":{"start":{"line":11,"column":4},"end":{"line":11,"column":80}},"type":"binary-expr","locations":[{"start":{"line":11,"column":4},"end":{"line":11,"column":39}},{"start":{"line":11,"column":43},"end":{"line":11,"column":80}}],"line":11}},"s":{"0":0,"1":0,"2":0},"f":{},"b":{"0":[0,0]}}
,"C:\\Users\\wangr\\OneDrive\\Documents\\GitHub\\Your mom\\TaskTree\\frontend\\src\\actions\\authActions.js": {"path":"C:\\Users\\wangr\\OneDrive\\Documents\\GitHub\\Your mom\\TaskTree\\frontend\\src\\actions\\authActions.js","statementMap":{"0":{"start":{"line":6,"column":28},"end":{"line":16,"column":1}},"1":{"start":{"line":6,"column":51},"end":{"line":16,"column":1}},"2":{"start":{"line":7,"column":2},"end":{"line":15,"column":6}},"3":{"start":{"line":9,"column":19},"end":{"line":9,"column":41}},"4":{"start":{"line":11,"column":6},"end":{"line":14,"column":8}},"5":{"start":{"line":18,"column":25},"end":{"line":40,"column":1}},"6":{"start":{"line":18,"column":39},"end":{"line":40,"column":1}},"7":{"start":{"line":19,"column":2},"end":{"line":39,"column":6}},"8":{"start":{"line":24,"column":20},"end":{"line":24,"column":33}},"9":{"start":{"line":25,"column":6},"end":{"line":25,"column":46}},"10":{"start":{"line":27,"column":6},"end":{"line":27,"column":26}},"11":{"start":{"line":29,"column":22},"end":{"line":29,"column":39}},"12":{"start":{"line":30,"column":6},"end":{"line":30,"column":27}},"13":{"start":{"line":32,"column":6},"end":{"line":32,"column":40}},"14":{"start":{"line":35,"column":6},"end":{"line":38,"column":8}},"15":{"start":{"line":42,"column":30},"end":{"line":47,"column":1}},"16":{"start":{"line":43,"column":2},"end":{"line":46,"column":4}},"17":{"start":{"line":49,"column":30},"end":{"line":53,"column":1}},"18":{"start":{"line":50,"column":2},"end":{"line":52,"column":4}},"19":{"start":{"line":55,"column":26},"end":{"line":62,"column":1}},"20":{"start":{"line":55,"column":32},"end":{"line":62,"column":1}},"21":{"start":{"line":57,"column":2},"end":{"line":57,"column":38}},"22":{"start":{"line":59,"column":2},"end":{"line":59,"column":22}},"23":{"start":{"line":61,"column":2},"end":{"line":61,"column":31}}},"fnMap":{"0":{"name":"(anonymous_0)","decl":{"start":{"line":6,"column":28},"end":{"line":6,"column":29}},"loc":{"start":{"line":6,"column":51},"end":{"line":16,"column":1}},"line":6},"1":{"name":"(anonymous_1)","decl":{"start":{"line":6,"column":51},"end":{"line":6,"column":52}},"loc":{"start":{"line":6,"column":65},"end":{"line":16,"column":1}},"line":6},"2":{"name":"(anonymous_2)","decl":{"start":{"line":9,"column":10},"end":{"line":9,"column":11}},"loc":{"start":{"line":9,"column":19},"end":{"line":9,"column":41}},"line":9},"3":{"name":"(anonymous_3)","decl":{"start":{"line":10,"column":11},"end":{"line":10,"column":12}},"loc":{"start":{"line":11,"column":6},"end":{"line":14,"column":8}},"line":11},"4":{"name":"(anonymous_4)","decl":{"start":{"line":18,"column":25},"end":{"line":18,"column":26}},"loc":{"start":{"line":18,"column":39},"end":{"line":40,"column":1}},"line":18},"5":{"name":"(anonymous_5)","decl":{"start":{"line":18,"column":39},"end":{"line":18,"column":40}},"loc":{"start":{"line":18,"column":53},"end":{"line":40,"column":1}},"line":18},"6":{"name":"(anonymous_6)","decl":{"start":{"line":21,"column":10},"end":{"line":21,"column":11}},"loc":{"start":{"line":21,"column":19},"end":{"line":33,"column":5}},"line":21},"7":{"name":"(anonymous_7)","decl":{"start":{"line":34,"column":11},"end":{"line":34,"column":12}},"loc":{"start":{"line":35,"column":6},"end":{"line":38,"column":8}},"line":35},"8":{"name":"(anonymous_8)","decl":{"start":{"line":42,"column":30},"end":{"line":42,"column":31}},"loc":{"start":{"line":42,"column":43},"end":{"line":47,"column":1}},"line":42},"9":{"name":"(anonymous_9)","decl":{"start":{"line":49,"column":30},"end":{"line":49,"column":31}},"loc":{"start":{"line":49,"column":36},"end":{"line":53,"column":1}},"line":49},"10":{"name":"(anonymous_10)","decl":{"start":{"line":55,"column":26},"end":{"line":55,"column":27}},"loc":{"start":{"line":55,"column":32},"end":{"line":62,"column":1}},"line":55},"11":{"name":"(anonymous_11)","decl":{"start":{"line":55,"column":32},"end":{"line":55,"column":33}},"loc":{"start":{"line":55,"column":46},"end":{"line":62,"column":1}},"line":55}},"branchMap":{},"s":{"0":0,"1":0,"2":0,"3":0,"4":0,"5":0,"6":0,"7":0,"8":0,"9":0,"10":0,"11":0,"12":0,"13":0,"14":0,"15":0,"16":0,"17":0,"18":0,"19":0,"20":0,"21":0,"22":0,"23":0},"f":{"0":0,"1":0,"2":0,"3":0,"4":0,"5":0,"6":0,"7":0,"8":0,"9":0,"10":0,"11":0},"b":{}}
,"C:\\Users\\wangr\\OneDrive\\Documents\\GitHub\\Your mom\\TaskTree\\frontend\\src\\actions\\types.js": {"path":"C:\\Users\\wangr\\OneDrive\\Documents\\GitHub\\Your mom\\TaskTree\\frontend\\src\\actions\\types.js","statementMap":{"0":{"start":{"line":1,"column":26},"end":{"line":1,"column":38}},"1":{"start":{"line":2,"column":28},"end":{"line":2,"column":42}},"2":{"start":{"line":3,"column":32},"end":{"line":3,"column":50}}},"fnMap":{},"branchMap":{},"s":{"0":0,"1":0,"2":0},"f":{},"b":{}}
,"C:\\Users\\wangr\\OneDrive\\Documents\\GitHub\\Your mom\\TaskTree\\frontend\\src\\components\\AddEventModal.js": {"path":"C:\\Users\\wangr\\OneDrive\\Documents\\GitHub\\Your mom\\TaskTree\\frontend\\src\\components\\AddEventModal.js","statementMap":{"0":{"start":{"line":6,"column":29},"end":{"line":6,"column":41}},"1":{"start":{"line":7,"column":29},"end":{"line":7,"column":49}},"2":{"start":{"line":8,"column":25},"end":{"line":8,"column":45}},"3":{"start":{"line":10,"column":21},"end":{"line":19,"column":5}},"4":{"start":{"line":11,"column":8},"end":{"line":11,"column":31}},"5":{"start":{"line":13,"column":8},"end":{"line":17,"column":10}},"6":{"start":{"line":18,"column":8},"end":{"line":18,"column":18}},"7":{"start":{"line":21,"column":4},"end":{"line":42,"column":5}},"8":{"start":{"line":24,"column":72},"end":{"line":24,"column":96}},"9":{"start":{"line":28,"column":62},"end":{"line":28,"column":76}},"10":{"start":{"line":33,"column":60},"end":{"line":33,"column":72}}},"fnMap":{"0":{"name":"(anonymous_0)","decl":{"start":{"line":5,"column":15},"end":{"line":5,"column":16}},"loc":{"start":{"line":5,"column":58},"end":{"line":43,"column":1}},"line":5},"1":{"name":"(anonymous_1)","decl":{"start":{"line":10,"column":21},"end":{"line":10,"column":22}},"loc":{"start":{"line":10,"column":32},"end":{"line":19,"column":5}},"line":10},"2":{"name":"(anonymous_2)","decl":{"start":{"line":24,"column":67},"end":{"line":24,"column":68}},"loc":{"start":{"line":24,"column":72},"end":{"line":24,"column":96}},"line":24},"3":{"name":"(anonymous_3)","decl":{"start":{"line":28,"column":54},"end":{"line":28,"column":55}},"loc":{"start":{"line":28,"column":62},"end":{"line":28,"column":76}},"line":28},"4":{"name":"(anonymous_4)","decl":{"start":{"line":33,"column":52},"end":{"line":33,"column":53}},"loc":{"start":{"line":33,"column":60},"end":{"line":33,"column":72}},"line":33}},"branchMap":{},"s":{"0":5,"1":5,"2":5,"3":5,"4":0,"5":0,"6":0,"7":5,"8":0,"9":0,"10":0},"f":{"0":5,"1":0,"2":0,"3":0,"4":0},"b":{},"_coverageSchema":"1a1c01bbd47fc00a2c39e90264f33305004495a9","hash":"1e98a359b1e7bb2ef2600fecac3ad38610404249"}
,"C:\\Users\\wangr\\OneDrive\\Documents\\GitHub\\Your mom\\TaskTree\\frontend\\src\\components\\Calendar.js": {"path":"C:\\Users\\wangr\\OneDrive\\Documents\\GitHub\\Your mom\\TaskTree\\frontend\\src\\components\\Calendar.js","statementMap":{"0":{"start":{"line":9,"column":38},"end":{"line":9,"column":53}},"1":{"start":{"line":10,"column":32},"end":{"line":10,"column":44}},"2":{"start":{"line":11,"column":24},"end":{"line":11,"column":36}},"3":{"start":{"line":13,"column":25},"end":{"line":20,"column":5}},"4":{"start":{"line":14,"column":26},"end":{"line":14,"column":54}},"5":{"start":{"line":15,"column":8},"end":{"line":19,"column":11}},"6":{"start":{"line":23,"column":8},"end":{"line":23,"column":67}},"7":{"start":{"line":24,"column":8},"end":{"line":24,"column":41}},"8":{"start":{"line":28,"column":25},"end":{"line":28,"column":149}},"9":{"start":{"line":29,"column":8},"end":{"line":29,"column":33}},"10":{"start":{"line":32,"column":4},"end":{"line":53,"column":5}},"11":{"start":{"line":34,"column":66},"end":{"line":34,"column":84}},"12":{"start":{"line":41,"column":45},"end":{"line":41,"column":66}},"13":{"start":{"line":42,"column":45},"end":{"line":42,"column":65}},"14":{"start":{"line":48,"column":27},"end":{"line":48,"column":46}},"15":{"start":{"line":49,"column":35},"end":{"line":49,"column":54}}},"fnMap":{"0":{"name":"(anonymous_0)","decl":{"start":{"line":8,"column":15},"end":{"line":8,"column":16}},"loc":{"start":{"line":8,"column":27},"end":{"line":54,"column":1}},"line":8},"1":{"name":"(anonymous_1)","decl":{"start":{"line":13,"column":25},"end":{"line":13,"column":26}},"loc":{"start":{"line":13,"column":34},"end":{"line":20,"column":5}},"line":13},"2":{"name":"handleEventAdd","decl":{"start":{"line":22,"column":19},"end":{"line":22,"column":33}},"loc":{"start":{"line":22,"column":40},"end":{"line":25,"column":5}},"line":22},"3":{"name":"handleDatesSet","decl":{"start":{"line":27,"column":19},"end":{"line":27,"column":33}},"loc":{"start":{"line":27,"column":40},"end":{"line":30,"column":5}},"line":27},"4":{"name":"(anonymous_4)","decl":{"start":{"line":34,"column":60},"end":{"line":34,"column":61}},"loc":{"start":{"line":34,"column":66},"end":{"line":34,"column":84}},"line":34},"5":{"name":"(anonymous_5)","decl":{"start":{"line":41,"column":34},"end":{"line":41,"column":35}},"loc":{"start":{"line":41,"column":45},"end":{"line":41,"column":66}},"line":41},"6":{"name":"(anonymous_6)","decl":{"start":{"line":42,"column":35},"end":{"line":42,"column":36}},"loc":{"start":{"line":42,"column":45},"end":{"line":42,"column":65}},"line":42},"7":{"name":"(anonymous_7)","decl":{"start":{"line":48,"column":21},"end":{"line":48,"column":22}},"loc":{"start":{"line":48,"column":27},"end":{"line":48,"column":46}},"line":48},"8":{"name":"(anonymous_8)","decl":{"start":{"line":49,"column":26},"end":{"line":49,"column":27}},"loc":{"start":{"line":49,"column":35},"end":{"line":49,"column":54}},"line":49}},"branchMap":{},"s":{"0":4,"1":4,"2":4,"3":4,"4":0,"5":0,"6":0,"7":0,"8":3,"9":0,"10":4,"11":1,"12":0,"13":3,"14":0,"15":0},"f":{"0":4,"1":0,"2":0,"3":3,"4":1,"5":0,"6":3,"7":0,"8":0},"b":{},"_coverageSchema":"1a1c01bbd47fc00a2c39e90264f33305004495a9","hash":"8d59c0d806ff861bd30166d361b8528a0573e3dd"}
,"C:\\Users\\wangr\\OneDrive\\Documents\\GitHub\\Your mom\\TaskTree\\frontend\\src\\components\\Dashboard.js": {"path":"C:\\Users\\wangr\\OneDrive\\Documents\\GitHub\\Your mom\\TaskTree\\frontend\\src\\components\\Dashboard.js","statementMap":{"0":{"start":{"line":7,"column":28},"end":{"line":10,"column":6}},"1":{"start":{"line":12,"column":25},"end":{"line":18,"column":5}},"2":{"start":{"line":13,"column":8},"end":{"line":13,"column":34}},"3":{"start":{"line":14,"column":8},"end":{"line":17,"column":10}},"4":{"start":{"line":20,"column":4},"end":{"line":22,"column":5}},"5":{"start":{"line":21,"column":8},"end":{"line":21,"column":69}},"6":{"start":{"line":25,"column":4},"end":{"line":45,"column":7}},"7":{"start":{"line":26,"column":8},"end":{"line":43,"column":14}},"8":{"start":{"line":30,"column":46},"end":{"line":30,"column":67}},"9":{"start":{"line":35,"column":31},"end":{"line":35,"column":50}},"10":{"start":{"line":39,"column":31},"end":{"line":39,"column":72}}},"fnMap":{"0":{"name":"Dashboard","decl":{"start":{"line":6,"column":9},"end":{"line":6,"column":18}},"loc":{"start":{"line":6,"column":66},"end":{"line":46,"column":1}},"line":6},"1":{"name":"(anonymous_1)","decl":{"start":{"line":12,"column":25},"end":{"line":12,"column":26}},"loc":{"start":{"line":12,"column":34},"end":{"line":18,"column":5}},"line":12},"2":{"name":"(anonymous_2)","decl":{"start":{"line":25,"column":21},"end":{"line":25,"column":22}},"loc":{"start":{"line":26,"column":8},"end":{"line":43,"column":14}},"line":26},"3":{"name":"(anonymous_3)","decl":{"start":{"line":30,"column":40},"end":{"line":30,"column":41}},"loc":{"start":{"line":30,"column":46},"end":{"line":30,"column":67}},"line":30},"4":{"name":"(anonymous_4)","decl":{"start":{"line":35,"column":25},"end":{"line":35,"column":26}},"loc":{"start":{"line":35,"column":31},"end":{"line":35,"column":50}},"line":35},"5":{"name":"(anonymous_5)","decl":{"start":{"line":39,"column":25},"end":{"line":39,"column":26}},"loc":{"start":{"line":39,"column":31},"end":{"line":39,"column":72}},"line":39}},"branchMap":{"0":{"loc":{"start":{"line":20,"column":4},"end":{"line":22,"column":5}},"type":"if","locations":[{"start":{"line":20,"column":4},"end":{"line":22,"column":5}},{"start":{},"end":{}}],"line":20},"1":{"loc":{"start":{"line":27,"column":23},"end":{"line":27,"column":73}},"type":"cond-expr","locations":[{"start":{"line":27,"column":41},"end":{"line":27,"column":60}},{"start":{"line":27,"column":63},"end":{"line":27,"column":73}}],"line":27}},"s":{"0":4,"1":4,"2":0,"3":0,"4":4,"5":0,"6":4,"7":0,"8":0,"9":0,"10":0},"f":{"0":4,"1":0,"2":0,"3":0,"4":0,"5":0},"b":{"0":[0,4],"1":[0,0]},"_coverageSchema":"1a1c01bbd47fc00a2c39e90264f33305004495a9","hash":"86bd54721c9b918e97100bcac43c14cd24b70ff2"}
,"C:\\Users\\wangr\\OneDrive\\Documents\\GitHub\\Your mom\\TaskTree\\frontend\\src\\components\\DashboardList.js": {"path":"C:\\Users\\wangr\\OneDrive\\Documents\\GitHub\\Your mom\\TaskTree\\frontend\\src\\components\\DashboardList.js","statementMap":{"0":{"start":{"line":11,"column":30},"end":{"line":11,"column":42}},"1":{"start":{"line":13,"column":20},"end":{"line":21,"column":5}},"2":{"start":{"line":14,"column":8},"end":{"line":16,"column":9}},"3":{"start":{"line":15,"column":12},"end":{"line":15,"column":18}},"4":{"start":{"line":18,"column":25},"end":{"line":18,"column":41}},"5":{"start":{"line":20,"column":8},"end":{"line":20,"column":26}},"6":{"start":{"line":24,"column":23},"end":{"line":31,"column":5}},"7":{"start":{"line":25,"column":8},"end":{"line":27,"column":9}},"8":{"start":{"line":26,"column":12},"end":{"line":26,"column":18}},"9":{"start":{"line":29,"column":8},"end":{"line":29,"column":83}},"10":{"start":{"line":29,"column":25},"end":{"line":29,"column":81}},"11":{"start":{"line":29,"column":43},"end":{"line":29,"column":79}},"12":{"start":{"line":33,"column":23},"end":{"line":37,"column":5}},"13":{"start":{"line":34,"column":26},"end":{"line":34,"column":67}},"14":{"start":{"line":34,"column":52},"end":{"line":34,"column":66}},"15":{"start":{"line":36,"column":8},"end":{"line":36,"column":27}},"16":{"start":{"line":40,"column":25},"end":{"line":48,"column":5}},"17":{"start":{"line":41,"column":27},"end":{"line":46,"column":10}},"18":{"start":{"line":42,"column":12},"end":{"line":44,"column":13}},"19":{"start":{"line":43,"column":16},"end":{"line":43,"column":50}},"20":{"start":{"line":45,"column":12},"end":{"line":45,"column":23}},"21":{"start":{"line":47,"column":8},"end":{"line":47,"column":31}},"22":{"start":{"line":50,"column":4},"end":{"line":70,"column":5}}},"fnMap":{"0":{"name":"DashboardList","decl":{"start":{"line":10,"column":9},"end":{"line":10,"column":22}},"loc":{"start":{"line":10,"column":25},"end":{"line":71,"column":1}},"line":10},"1":{"name":"(anonymous_1)","decl":{"start":{"line":13,"column":20},"end":{"line":13,"column":21}},"loc":{"start":{"line":13,"column":28},"end":{"line":21,"column":5}},"line":13},"2":{"name":"(anonymous_2)","decl":{"start":{"line":24,"column":23},"end":{"line":24,"column":24}},"loc":{"start":{"line":24,"column":45},"end":{"line":31,"column":5}},"line":24},"3":{"name":"(anonymous_3)","decl":{"start":{"line":29,"column":17},"end":{"line":29,"column":18}},"loc":{"start":{"line":29,"column":25},"end":{"line":29,"column":81}},"line":29},"4":{"name":"(anonymous_4)","decl":{"start":{"line":29,"column":34},"end":{"line":29,"column":35}},"loc":{"start":{"line":29,"column":43},"end":{"line":29,"column":79}},"line":29},"5":{"name":"(anonymous_5)","decl":{"start":{"line":33,"column":23},"end":{"line":33,"column":24}},"loc":{"start":{"line":33,"column":29},"end":{"line":37,"column":5}},"line":33},"6":{"name":"(anonymous_6)","decl":{"start":{"line":34,"column":44},"end":{"line":34,"column":45}},"loc":{"start":{"line":34,"column":52},"end":{"line":34,"column":66}},"line":34},"7":{"name":"(anonymous_7)","decl":{"start":{"line":40,"column":25},"end":{"line":40,"column":26}},"loc":{"start":{"line":40,"column":31},"end":{"line":48,"column":5}},"line":40},"8":{"name":"(anonymous_8)","decl":{"start":{"line":41,"column":37},"end":{"line":41,"column":38}},"loc":{"start":{"line":41,"column":45},"end":{"line":46,"column":9}},"line":41}},"branchMap":{"0":{"loc":{"start":{"line":14,"column":8},"end":{"line":16,"column":9}},"type":"if","locations":[{"start":{"line":14,"column":8},"end":{"line":16,"column":9}},{"start":{},"end":{}}],"line":14},"1":{"loc":{"start":{"line":14,"column":11},"end":{"line":14,"column":48}},"type":"binary-expr","locations":[{"start":{"line":14,"column":11},"end":{"line":14,"column":21}},{"start":{"line":14,"column":25},"end":{"line":14,"column":48}}],"line":14},"2":{"loc":{"start":{"line":25,"column":8},"end":{"line":27,"column":9}},"type":"if","locations":[{"start":{"line":25,"column":8},"end":{"line":27,"column":9}},{"start":{},"end":{}}],"line":25},"3":{"loc":{"start":{"line":25,"column":11},"end":{"line":25,"column":56}},"type":"binary-expr","locations":[{"start":{"line":25,"column":11},"end":{"line":25,"column":25}},{"start":{"line":25,"column":29},"end":{"line":25,"column":56}}],"line":25},"4":{"loc":{"start":{"line":29,"column":43},"end":{"line":29,"column":79}},"type":"cond-expr","locations":[{"start":{"line":29,"column":64},"end":{"line":29,"column":72}},{"start":{"line":29,"column":75},"end":{"line":29,"column":79}}],"line":29},"5":{"loc":{"start":{"line":42,"column":12},"end":{"line":44,"column":13}},"type":"if","locations":[{"start":{"line":42,"column":12},"end":{"line":44,"column":13}},{"start":{},"end":{}}],"line":42}},"s":{"0":2,"1":2,"2":0,"3":0,"4":0,"5":0,"6":2,"7":0,"8":0,"9":0,"10":0,"11":0,"12":2,"13":0,"14":0,"15":0,"16":2,"17":0,"18":0,"19":0,"20":0,"21":0,"22":2},"f":{"0":2,"1":0,"2":0,"3":0,"4":0,"5":0,"6":0,"7":0,"8":0},"b":{"0":[0,0],"1":[0,0],"2":[0,0],"3":[0,0],"4":[0,0],"5":[0,0]},"_coverageSchema":"1a1c01bbd47fc00a2c39e90264f33305004495a9","hash":"be5195412079e6d922274404c9af35c3719a6ece"}
,"C:\\Users\\wangr\\OneDrive\\Documents\\GitHub\\Your mom\\TaskTree\\frontend\\src\\components\\Dashboardform.js": {"path":"C:\\Users\\wangr\\OneDrive\\Documents\\GitHub\\Your mom\\TaskTree\\frontend\\src\\components\\Dashboardform.js","statementMap":{"0":{"start":{"line":5,"column":30},"end":{"line":5,"column":73}},"1":{"start":{"line":7,"column":21},"end":{"line":7,"column":33}},"2":{"start":{"line":9,"column":4},"end":{"line":11,"column":6}},"3":{"start":{"line":10,"column":8},"end":{"line":10,"column":32}},"4":{"start":{"line":13,"column":25},"end":{"line":15,"column":5}},"5":{"start":{"line":14,"column":8},"end":{"line":14,"column":33}},"6":{"start":{"line":17,"column":25},"end":{"line":31,"column":5}},"7":{"start":{"line":18,"column":8},"end":{"line":18,"column":27}},"8":{"start":{"line":20,"column":8},"end":{"line":23,"column":11}},"9":{"start":{"line":25,"column":8},"end":{"line":25,"column":21}},"10":{"start":{"line":26,"column":24},"end":{"line":28,"column":9}},"11":{"start":{"line":29,"column":8},"end":{"line":29,"column":28}},"12":{"start":{"line":30,"column":8},"end":{"line":30,"column":57}},"13":{"start":{"line":33,"column":4},"end":{"line":68,"column":6}}},"fnMap":{"0":{"name":"Dashboardform","decl":{"start":{"line":4,"column":9},"end":{"line":4,"column":22}},"loc":{"start":{"line":4,"column":30},"end":{"line":69,"column":1}},"line":4},"1":{"name":"(anonymous_1)","decl":{"start":{"line":9,"column":14},"end":{"line":9,"column":15}},"loc":{"start":{"line":9,"column":20},"end":{"line":11,"column":5}},"line":9},"2":{"name":"(anonymous_2)","decl":{"start":{"line":13,"column":25},"end":{"line":13,"column":26}},"loc":{"start":{"line":13,"column":30},"end":{"line":15,"column":5}},"line":13},"3":{"name":"(anonymous_3)","decl":{"start":{"line":17,"column":25},"end":{"line":17,"column":26}},"loc":{"start":{"line":17,"column":30},"end":{"line":31,"column":5}},"line":17}},"branchMap":{"0":{"loc":{"start":{"line":5,"column":39},"end":{"line":5,"column":72}},"type":"cond-expr","locations":[{"start":{"line":5,"column":52},"end":{"line":5,"column":68}},{"start":{"line":5,"column":70},"end":{"line":5,"column":72}}],"line":5},"1":{"loc":{"start":{"line":35,"column":13},"end":{"line":65,"column":13}},"type":"cond-expr","locations":[{"start":{"line":36,"column":16},"end":{"line":47,"column":15}},{"start":{"line":50,"column":12},"end":{"line":64,"column":15}}],"line":35}},"s":{"0":5,"1":5,"2":5,"3":4,"4":5,"5":0,"6":5,"7":1,"8":1,"9":0,"10":0,"11":0,"12":0,"13":5},"f":{"0":5,"1":4,"2":0,"3":1},"b":{"0":[0,5],"1":[0,5]},"_coverageSchema":"1a1c01bbd47fc00a2c39e90264f33305004495a9","hash":"1c7e717eccd95c740621d4f4717812d37f8ec43d"}
,"C:\\Users\\wangr\\OneDrive\\Documents\\GitHub\\Your mom\\TaskTree\\frontend\\src\\components\\Navbar.js": {"path":"C:\\Users\\wangr\\OneDrive\\Documents\\GitHub\\Your mom\\TaskTree\\frontend\\src\\components\\Navbar.js","statementMap":{"0":{"start":{"line":10,"column":34},"end":{"line":10,"column":49}},"1":{"start":{"line":12,"column":24},"end":{"line":12,"column":50}},"2":{"start":{"line":12,"column":30},"end":{"line":12,"column":50}},"3":{"start":{"line":13,"column":4},"end":{"line":42,"column":5}},"4":{"start":{"line":29,"column":24},"end":{"line":36,"column":25}}},"fnMap":{"0":{"name":"Navbar","decl":{"start":{"line":9,"column":9},"end":{"line":9,"column":15}},"loc":{"start":{"line":9,"column":18},"end":{"line":43,"column":1}},"line":9},"1":{"name":"(anonymous_1)","decl":{"start":{"line":12,"column":24},"end":{"line":12,"column":25}},"loc":{"start":{"line":12,"column":30},"end":{"line":12,"column":50}},"line":12},"2":{"name":"(anonymous_2)","decl":{"start":{"line":28,"column":37},"end":{"line":28,"column":38}},"loc":{"start":{"line":28,"column":54},"end":{"line":37,"column":21}},"line":28}},"branchMap":{"0":{"loc":{"start":{"line":21,"column":28},"end":{"line":21,"column":68}},"type":"cond-expr","locations":[{"start":{"line":21,"column":38},"end":{"line":21,"column":55}},{"start":{"line":21,"column":58},"end":{"line":21,"column":68}}],"line":21}},"s":{"0":2,"1":2,"2":0,"3":2,"4":6},"f":{"0":2,"1":0,"2":6},"b":{"0":[0,2]},"_coverageSchema":"1a1c01bbd47fc00a2c39e90264f33305004495a9","hash":"39a9e9f3c708201b44362f100a6dc6c87f6379f3"}
,"C:\\Users\\wangr\\OneDrive\\Documents\\GitHub\\Your mom\\TaskTree\\frontend\\src\\components\\SidebarData.js": {"path":"C:\\Users\\wangr\\OneDrive\\Documents\\GitHub\\Your mom\\TaskTree\\frontend\\src\\components\\SidebarData.js","statementMap":{"0":{"start":{"line":8,"column":27},"end":{"line":27,"column":1}}},"fnMap":{},"branchMap":{},"s":{"0":1},"f":{},"b":{},"_coverageSchema":"1a1c01bbd47fc00a2c39e90264f33305004495a9","hash":"6da272bfd29e02dcec4eec8eee2d901655efed0f"}
,"C:\\Users\\wangr\\OneDrive\\Documents\\GitHub\\Your mom\\TaskTree\\frontend\\src\\components\\forgotPage.js": {"path":"C:\\Users\\wangr\\OneDrive\\Documents\\GitHub\\Your mom\\TaskTree\\frontend\\src\\components\\forgotPage.js","statementMap":{"0":{"start":{"line":4,"column":4},"end":{"line":14,"column":5}}},"fnMap":{"0":{"name":"Forgot","decl":{"start":{"line":3,"column":9},"end":{"line":3,"column":15}},"loc":{"start":{"line":3,"column":18},"end":{"line":15,"column":1}},"line":3}},"branchMap":{},"s":{"0":1},"f":{"0":1},"b":{},"_coverageSchema":"1a1c01bbd47fc00a2c39e90264f33305004495a9","hash":"c6d1b429b397b1b53651625bad89f43c9fe3a110"}
,"C:\\Users\\wangr\\OneDrive\\Documents\\GitHub\\Your mom\\TaskTree\\frontend\\src\\components\\loginPage.js": {"path":"C:\\Users\\wangr\\OneDrive\\Documents\\GitHub\\Your mom\\TaskTree\\frontend\\src\\components\\loginPage.js","statementMap":{"0":{"start":{"line":17,"column":23},"end":{"line":17,"column":44}},"1":{"start":{"line":18,"column":26},"end":{"line":18,"column":47}},"2":{"start":{"line":21,"column":2},"end":{"line":29,"column":3}},"3":{"start":{"line":23,"column":6},"end":{"line":23,"column":49}},"4":{"start":{"line":25,"column":6},"end":{"line":25,"column":50}},"5":{"start":{"line":27,"column":6},"end":{"line":27,"column":63}},"6":{"start":{"line":33,"column":26},"end":{"line":35,"column":4}},"7":{"start":{"line":37,"column":2},"end":{"line":43,"column":4}},"8":{"start":{"line":47,"column":16},"end":{"line":47,"column":50}},"9":{"start":{"line":48,"column":2},"end":{"line":50,"column":3}},"10":{"start":{"line":49,"column":4},"end":{"line":49,"column":71}},"11":{"start":{"line":51,"column":2},"end":{"line":51,"column":17}},"12":{"start":{"line":55,"column":16},"end":{"line":55,"column":53}},"13":{"start":{"line":56,"column":2},"end":{"line":57,"column":3}},"14":{"start":{"line":58,"column":2},"end":{"line":58,"column":17}},"15":{"start":{"line":66,"column":2},"end":{"line":66,"column":18}},"16":{"start":{"line":67,"column":2},"end":{"line":67,"column":21}},"17":{"start":{"line":69,"column":2},"end":{"line":86,"column":3}},"18":{"start":{"line":70,"column":4},"end":{"line":81,"column":13}},"19":{"start":{"line":71,"column":6},"end":{"line":71,"column":42}},"20":{"start":{"line":72,"column":6},"end":{"line":72,"column":21}},"21":{"start":{"line":73,"column":6},"end":{"line":73,"column":26}},"22":{"start":{"line":77,"column":6},"end":{"line":77,"column":36}},"23":{"start":{"line":79,"column":6},"end":{"line":79,"column":37}},"24":{"start":{"line":83,"column":4},"end":{"line":83,"column":40}},"25":{"start":{"line":84,"column":4},"end":{"line":84,"column":19}},"26":{"start":{"line":85,"column":4},"end":{"line":85,"column":24}},"27":{"start":{"line":90,"column":2},"end":{"line":90,"column":38}},"28":{"start":{"line":91,"column":2},"end":{"line":91,"column":41}},"29":{"start":{"line":92,"column":2},"end":{"line":92,"column":25}},"30":{"start":{"line":96,"column":16},"end":{"line":96,"column":27}},"31":{"start":{"line":99,"column":21},"end":{"line":99,"column":38}},"32":{"start":{"line":102,"column":34},"end":{"line":102,"column":49}},"33":{"start":{"line":103,"column":26},"end":{"line":103,"column":40}},"34":{"start":{"line":104,"column":38},"end":{"line":104,"column":49}},"35":{"start":{"line":105,"column":34},"end":{"line":105,"column":46}},"36":{"start":{"line":106,"column":36},"end":{"line":106,"column":66}},"37":{"start":{"line":107,"column":42},"end":{"line":107,"column":62}},"38":{"start":{"line":109,"column":2},"end":{"line":298,"column":4}},"39":{"start":{"line":118,"column":33},"end":{"line":118,"column":51}},"40":{"start":{"line":149,"column":33},"end":{"line":149,"column":62}},"41":{"start":{"line":164,"column":33},"end":{"line":164,"column":65}},"42":{"start":{"line":179,"column":22},"end":{"line":186,"column":23}},"43":{"start":{"line":227,"column":33},"end":{"line":227,"column":61}},"44":{"start":{"line":242,"column":33},"end":{"line":242,"column":62}},"45":{"start":{"line":257,"column":33},"end":{"line":257,"column":65}},"46":{"start":{"line":269,"column":22},"end":{"line":276,"column":23}}},"fnMap":{"0":{"name":"userReducer","decl":{"start":{"line":20,"column":9},"end":{"line":20,"column":20}},"loc":{"start":{"line":20,"column":36},"end":{"line":30,"column":1}},"line":20},"1":{"name":"UserProvider","decl":{"start":{"line":32,"column":9},"end":{"line":32,"column":21}},"loc":{"start":{"line":32,"column":36},"end":{"line":44,"column":1}},"line":32},"2":{"name":"useUserState","decl":{"start":{"line":46,"column":9},"end":{"line":46,"column":21}},"loc":{"start":{"line":46,"column":24},"end":{"line":52,"column":1}},"line":46},"3":{"name":"useUserDispatch","decl":{"start":{"line":54,"column":9},"end":{"line":54,"column":24}},"loc":{"start":{"line":54,"column":27},"end":{"line":59,"column":1}},"line":54},"4":{"name":"loginUser","decl":{"start":{"line":65,"column":9},"end":{"line":65,"column":18}},"loc":{"start":{"line":65,"column":79},"end":{"line":87,"column":1}},"line":65},"5":{"name":"(anonymous_5)","decl":{"start":{"line":70,"column":15},"end":{"line":70,"column":16}},"loc":{"start":{"line":70,"column":21},"end":{"line":81,"column":5}},"line":70},"6":{"name":"signOut","decl":{"start":{"line":89,"column":9},"end":{"line":89,"column":16}},"loc":{"start":{"line":89,"column":36},"end":{"line":93,"column":1}},"line":89},"7":{"name":"Login","decl":{"start":{"line":95,"column":9},"end":{"line":95,"column":14}},"loc":{"start":{"line":95,"column":22},"end":{"line":299,"column":1}},"line":95},"8":{"name":"(anonymous_8)","decl":{"start":{"line":118,"column":22},"end":{"line":118,"column":23}},"loc":{"start":{"line":118,"column":33},"end":{"line":118,"column":51}},"line":118},"9":{"name":"(anonymous_9)","decl":{"start":{"line":149,"column":26},"end":{"line":149,"column":27}},"loc":{"start":{"line":149,"column":33},"end":{"line":149,"column":62}},"line":149},"10":{"name":"(anonymous_10)","decl":{"start":{"line":164,"column":26},"end":{"line":164,"column":27}},"loc":{"start":{"line":164,"column":33},"end":{"line":164,"column":65}},"line":164},"11":{"name":"(anonymous_11)","decl":{"start":{"line":178,"column":29},"end":{"line":178,"column":30}},"loc":{"start":{"line":179,"column":22},"end":{"line":186,"column":23}},"line":179},"12":{"name":"(anonymous_12)","decl":{"start":{"line":227,"column":26},"end":{"line":227,"column":27}},"loc":{"start":{"line":227,"column":33},"end":{"line":227,"column":61}},"line":227},"13":{"name":"(anonymous_13)","decl":{"start":{"line":242,"column":26},"end":{"line":242,"column":27}},"loc":{"start":{"line":242,"column":33},"end":{"line":242,"column":62}},"line":242},"14":{"name":"(anonymous_14)","decl":{"start":{"line":257,"column":26},"end":{"line":257,"column":27}},"loc":{"start":{"line":257,"column":33},"end":{"line":257,"column":65}},"line":257},"15":{"name":"(anonymous_15)","decl":{"start":{"line":268,"column":29},"end":{"line":268,"column":30}},"loc":{"start":{"line":269,"column":22},"end":{"line":276,"column":23}},"line":269}},"branchMap":{"0":{"loc":{"start":{"line":21,"column":2},"end":{"line":29,"column":3}},"type":"switch","locations":[{"start":{"line":22,"column":4},"end":{"line":23,"column":49}},{"start":{"line":24,"column":4},"end":{"line":25,"column":50}},{"start":{"line":26,"column":4},"end":{"line":28,"column":5}}],"line":21},"1":{"loc":{"start":{"line":48,"column":2},"end":{"line":50,"column":3}},"type":"if","locations":[{"start":{"line":48,"column":2},"end":{"line":50,"column":3}},{"start":{},"end":{}}],"line":48},"2":{"loc":{"start":{"line":56,"column":2},"end":{"line":57,"column":3}},"type":"if","locations":[{"start":{"line":56,"column":2},"end":{"line":57,"column":3}},{"start":{},"end":{}}],"line":56},"3":{"loc":{"start":{"line":69,"column":2},"end":{"line":86,"column":3}},"type":"if","locations":[{"start":{"line":69,"column":2},"end":{"line":86,"column":3}},{"start":{"line":82,"column":9},"end":{"line":86,"column":3}}],"line":69},"4":{"loc":{"start":{"line":69,"column":6},"end":{"line":69,"column":27}},"type":"binary-expr","locations":[{"start":{"line":69,"column":6},"end":{"line":69,"column":13}},{"start":{"line":69,"column":17},"end":{"line":69,"column":27}}],"line":69},"5":{"loc":{"start":{"line":126,"column":11},"end":{"line":204,"column":11}},"type":"binary-expr","locations":[{"start":{"line":126,"column":11},"end":{"line":126,"column":28}},{"start":{"line":127,"column":12},"end":{"line":203,"column":29}}],"line":126},"6":{"loc":{"start":{"line":171,"column":17},"end":{"line":194,"column":17}},"type":"cond-expr","locations":[{"start":{"line":172,"column":18},"end":{"line":172,"column":80}},{"start":{"line":174,"column":18},"end":{"line":193,"column":27}}],"line":171},"7":{"loc":{"start":{"line":176,"column":22},"end":{"line":176,"column":75}},"type":"binary-expr","locations":[{"start":{"line":176,"column":22},"end":{"line":176,"column":45}},{"start":{"line":176,"column":49},"end":{"line":176,"column":75}}],"line":176},"8":{"loc":{"start":{"line":205,"column":11},"end":{"line":294,"column":11}},"type":"binary-expr","locations":[{"start":{"line":205,"column":11},"end":{"line":205,"column":28}},{"start":{"line":206,"column":12},"end":{"line":293,"column":29}}],"line":205},"9":{"loc":{"start":{"line":264,"column":17},"end":{"line":291,"column":17}},"type":"cond-expr","locations":[{"start":{"line":265,"column":18},"end":{"line":265,"column":48}},{"start":{"line":267,"column":18},"end":{"line":290,"column":27}}],"line":264},"10":{"loc":{"start":{"line":279,"column":22},"end":{"line":281,"column":44}},"type":"binary-expr","locations":[{"start":{"line":279,"column":22},"end":{"line":279,"column":45}},{"start":{"line":280,"column":22},"end":{"line":280,"column":48}},{"start":{"line":281,"column":22},"end":{"line":281,"column":44}}],"line":279}},"s":{"0":0,"1":0,"2":0,"3":0,"4":0,"5":0,"6":0,"7":0,"8":0,"9":0,"10":0,"11":0,"12":0,"13":0,"14":0,"15":0,"16":0,"17":0,"18":0,"19":0,"20":0,"21":0,"22":0,"23":0,"24":0,"25":0,"26":0,"27":0,"28":0,"29":0,"30":0,"31":0,"32":0,"33":0,"34":0,"35":0,"36":0,"37":0,"38":0,"39":0,"40":0,"41":0,"42":0,"43":0,"44":0,"45":0,"46":0},"f":{"0":0,"1":0,"2":0,"3":0,"4":0,"5":0,"6":0,"7":0,"8":0,"9":0,"10":0,"11":0,"12":0,"13":0,"14":0,"15":0},"b":{"0":[0,0,0],"1":[0,0],"2":[0,0],"3":[0,0],"4":[0,0],"5":[0,0],"6":[0,0],"7":[0,0],"8":[0,0],"9":[0,0],"10":[0,0,0]}}
,"C:\\Users\\wangr\\OneDrive\\Documents\\GitHub\\Your mom\\TaskTree\\frontend\\src\\components\\oldLogin.js": {"path":"C:\\Users\\wangr\\OneDrive\\Documents\\GitHub\\Your mom\\TaskTree\\frontend\\src\\components\\oldLogin.js","statementMap":{"0":{"start":{"line":10,"column":4},"end":{"line":10,"column":12}},"1":{"start":{"line":11,"column":4},"end":{"line":15,"column":6}},"2":{"start":{"line":19,"column":4},"end":{"line":21,"column":5}},"3":{"start":{"line":20,"column":6},"end":{"line":20,"column":44}},"4":{"start":{"line":24,"column":4},"end":{"line":26,"column":5}},"5":{"start":{"line":25,"column":6},"end":{"line":25,"column":44}},"6":{"start":{"line":27,"column":4},"end":{"line":31,"column":5}},"7":{"start":{"line":28,"column":6},"end":{"line":30,"column":9}},"8":{"start":{"line":34,"column":13},"end":{"line":36,"column":3}},"9":{"start":{"line":35,"column":4},"end":{"line":35,"column":53}},"10":{"start":{"line":37,"column":13},"end":{"line":45,"column":3}},"11":{"start":{"line":38,"column":4},"end":{"line":38,"column":23}},"12":{"start":{"line":39,"column":21},"end":{"line":42,"column":5}},"13":{"start":{"line":43,"column":4},"end":{"line":43,"column":35}},"14":{"start":{"line":44,"column":4},"end":{"line":44,"column":26}},"15":{"start":{"line":47,"column":23},"end":{"line":47,"column":33}},"16":{"start":{"line":48,"column":4},"end":{"line":48,"column":24}},"17":{"start":{"line":49,"column":4},"end":{"line":49,"column":35}},"18":{"start":{"line":50,"column":4},"end":{"line":97,"column":6}},"19":{"start":{"line":101,"column":0},"end":{"line":105,"column":2}},"20":{"start":{"line":106,"column":24},"end":{"line":109,"column":2}},"21":{"start":{"line":106,"column":36},"end":{"line":109,"column":1}}},"fnMap":{"0":{"name":"(anonymous_0)","decl":{"start":{"line":9,"column":2},"end":{"line":9,"column":3}},"loc":{"start":{"line":9,"column":16},"end":{"line":16,"column":3}},"line":9},"1":{"name":"(anonymous_1)","decl":{"start":{"line":17,"column":2},"end":{"line":17,"column":3}},"loc":{"start":{"line":17,"column":22},"end":{"line":22,"column":3}},"line":17},"2":{"name":"(anonymous_2)","decl":{"start":{"line":23,"column":2},"end":{"line":23,"column":3}},"loc":{"start":{"line":23,"column":39},"end":{"line":32,"column":3}},"line":23},"3":{"name":"(anonymous_3)","decl":{"start":{"line":34,"column":13},"end":{"line":34,"column":14}},"loc":{"start":{"line":34,"column":20},"end":{"line":36,"column":3}},"line":34},"4":{"name":"(anonymous_4)","decl":{"start":{"line":37,"column":13},"end":{"line":37,"column":14}},"loc":{"start":{"line":37,"column":20},"end":{"line":45,"column":3}},"line":37},"5":{"name":"(anonymous_5)","decl":{"start":{"line":46,"column":2},"end":{"line":46,"column":3}},"loc":{"start":{"line":46,"column":11},"end":{"line":98,"column":3}},"line":46},"6":{"name":"(anonymous_6)","decl":{"start":{"line":106,"column":24},"end":{"line":106,"column":25}},"loc":{"start":{"line":106,"column":36},"end":{"line":109,"column":1}},"line":106}},"branchMap":{"0":{"loc":{"start":{"line":19,"column":4},"end":{"line":21,"column":5}},"type":"if","locations":[{"start":{"line":19,"column":4},"end":{"line":21,"column":5}},{"start":{},"end":{}}],"line":19},"1":{"loc":{"start":{"line":24,"column":4},"end":{"line":26,"column":5}},"type":"if","locations":[{"start":{"line":24,"column":4},"end":{"line":26,"column":5}},{"start":{},"end":{}}],"line":24},"2":{"loc":{"start":{"line":27,"column":4},"end":{"line":31,"column":5}},"type":"if","locations":[{"start":{"line":27,"column":4},"end":{"line":31,"column":5}},{"start":{},"end":{}}],"line":27},"3":{"loc":{"start":{"line":64,"column":23},"end":{"line":64,"column":61}},"type":"binary-expr","locations":[{"start":{"line":64,"column":23},"end":{"line":64,"column":38}},{"start":{"line":64,"column":42},"end":{"line":64,"column":61}}],"line":64},"4":{"loc":{"start":{"line":81,"column":23},"end":{"line":81,"column":66}},"type":"binary-expr","locations":[{"start":{"line":81,"column":23},"end":{"line":81,"column":38}},{"start":{"line":81,"column":42},"end":{"line":81,"column":66}}],"line":81}},"s":{"0":0,"1":0,"2":0,"3":0,"4":0,"5":0,"6":0,"7":0,"8":0,"9":0,"10":0,"11":0,"12":0,"13":0,"14":0,"15":0,"16":0,"17":0,"18":0,"19":0,"20":0,"21":0},"f":{"0":0,"1":0,"2":0,"3":0,"4":0,"5":0,"6":0},"b":{"0":[0,0],"1":[0,0],"2":[0,0],"3":[0,0],"4":[0,0]}}
,"C:\\Users\\wangr\\OneDrive\\Documents\\GitHub\\Your mom\\TaskTree\\frontend\\src\\components\\oldRegister.js": {"path":"C:\\Users\\wangr\\OneDrive\\Documents\\GitHub\\Your mom\\TaskTree\\frontend\\src\\components\\oldRegister.js","statementMap":{"0":{"start":{"line":9,"column":4},"end":{"line":9,"column":12}},"1":{"start":{"line":10,"column":4},"end":{"line":15,"column":6}},"2":{"start":{"line":19,"column":4},"end":{"line":21,"column":5}},"3":{"start":{"line":20,"column":6},"end":{"line":20,"column":44}},"4":{"start":{"line":24,"column":4},"end":{"line":28,"column":5}},"5":{"start":{"line":25,"column":6},"end":{"line":27,"column":9}},"6":{"start":{"line":30,"column":13},"end":{"line":32,"column":3}},"7":{"start":{"line":31,"column":4},"end":{"line":31,"column":53}},"8":{"start":{"line":33,"column":13},"end":{"line":41,"column":3}},"9":{"start":{"line":34,"column":4},"end":{"line":34,"column":23}},"10":{"start":{"line":35,"column":20},"end":{"line":39,"column":5}},"11":{"start":{"line":40,"column":4},"end":{"line":40,"column":57}},"12":{"start":{"line":43,"column":23},"end":{"line":43,"column":33}},"13":{"start":{"line":44,"column":4},"end":{"line":44,"column":24}},"14":{"start":{"line":45,"column":4},"end":{"line":100,"column":6}},"15":{"start":{"line":104,"column":0},"end":{"line":108,"column":2}},"16":{"start":{"line":109,"column":24},"end":{"line":112,"column":2}},"17":{"start":{"line":109,"column":36},"end":{"line":112,"column":1}}},"fnMap":{"0":{"name":"(anonymous_0)","decl":{"start":{"line":8,"column":2},"end":{"line":8,"column":3}},"loc":{"start":{"line":8,"column":16},"end":{"line":16,"column":3}},"line":8},"1":{"name":"(anonymous_1)","decl":{"start":{"line":17,"column":2},"end":{"line":17,"column":3}},"loc":{"start":{"line":17,"column":22},"end":{"line":22,"column":3}},"line":17},"2":{"name":"(anonymous_2)","decl":{"start":{"line":23,"column":2},"end":{"line":23,"column":3}},"loc":{"start":{"line":23,"column":39},"end":{"line":29,"column":3}},"line":23},"3":{"name":"(anonymous_3)","decl":{"start":{"line":30,"column":13},"end":{"line":30,"column":14}},"loc":{"start":{"line":30,"column":20},"end":{"line":32,"column":3}},"line":30},"4":{"name":"(anonymous_4)","decl":{"start":{"line":33,"column":13},"end":{"line":33,"column":14}},"loc":{"start":{"line":33,"column":20},"end":{"line":41,"column":3}},"line":33},"5":{"name":"(anonymous_5)","decl":{"start":{"line":42,"column":2},"end":{"line":42,"column":3}},"loc":{"start":{"line":42,"column":11},"end":{"line":101,"column":3}},"line":42},"6":{"name":"(anonymous_6)","decl":{"start":{"line":109,"column":24},"end":{"line":109,"column":25}},"loc":{"start":{"line":109,"column":36},"end":{"line":112,"column":1}},"line":109}},"branchMap":{"0":{"loc":{"start":{"line":19,"column":4},"end":{"line":21,"column":5}},"type":"if","locations":[{"start":{"line":19,"column":4},"end":{"line":21,"column":5}},{"start":{},"end":{}}],"line":19},"1":{"loc":{"start":{"line":24,"column":4},"end":{"line":28,"column":5}},"type":"if","locations":[{"start":{"line":24,"column":4},"end":{"line":28,"column":5}},{"start":{},"end":{}}],"line":24}},"s":{"0":0,"1":0,"2":0,"3":0,"4":0,"5":0,"6":0,"7":0,"8":0,"9":0,"10":0,"11":0,"12":0,"13":0,"14":0,"15":0,"16":0,"17":0},"f":{"0":0,"1":0,"2":0,"3":0,"4":0,"5":0,"6":0},"b":{"0":[0,0],"1":[0,0]}}
,"C:\\Users\\wangr\\OneDrive\\Documents\\GitHub\\Your mom\\TaskTree\\frontend\\src\\components\\registerPage.js": {"path":"C:\\Users\\wangr\\OneDrive\\Documents\\GitHub\\Your mom\\TaskTree\\frontend\\src\\components\\registerPage.js","statementMap":{"0":{"start":{"line":4,"column":4},"end":{"line":21,"column":6}}},"fnMap":{"0":{"name":"Register","decl":{"start":{"line":3,"column":9},"end":{"line":3,"column":17}},"loc":{"start":{"line":3,"column":20},"end":{"line":22,"column":1}},"line":3}},"branchMap":{},"s":{"0":1},"f":{"0":1},"b":{},"_coverageSchema":"1a1c01bbd47fc00a2c39e90264f33305004495a9","hash":"8ae5cd1a1400ccd61a0a5e1ca1c89c2de7b30bdf"}
,"C:\\Users\\wangr\\OneDrive\\Documents\\GitHub\\Your mom\\TaskTree\\frontend\\src\\components\\dashboard\\Dashboard.js": {"path":"C:\\Users\\wangr\\OneDrive\\Documents\\GitHub\\Your mom\\TaskTree\\frontend\\src\\components\\dashboard\\Dashboard.js","statementMap":{"0":{"start":{"line":16,"column":18},"end":{"line":19,"column":3}},"1":{"start":{"line":17,"column":4},"end":{"line":17,"column":23}},"2":{"start":{"line":18,"column":4},"end":{"line":18,"column":28}},"3":{"start":{"line":21,"column":21},"end":{"line":21,"column":36}},"4":{"start":{"line":22,"column":4},"end":{"line":200,"column":6}},"5":{"start":{"line":203,"column":0},"end":{"line":206,"column":2}},"6":{"start":{"line":207,"column":24},"end":{"line":209,"column":2}},"7":{"start":{"line":207,"column":36},"end":{"line":209,"column":1}}},"fnMap":{"0":{"name":"(anonymous_0)","decl":{"start":{"line":16,"column":18},"end":{"line":16,"column":19}},"loc":{"start":{"line":16,"column":25},"end":{"line":19,"column":3}},"line":16},"1":{"name":"(anonymous_1)","decl":{"start":{"line":20,"column":2},"end":{"line":20,"column":3}},"loc":{"start":{"line":20,"column":11},"end":{"line":201,"column":3}},"line":20},"2":{"name":"(anonymous_2)","decl":{"start":{"line":207,"column":24},"end":{"line":207,"column":25}},"loc":{"start":{"line":207,"column":36},"end":{"line":209,"column":1}},"line":207}},"branchMap":{},"s":{"0":0,"1":0,"2":0,"3":0,"4":0,"5":0,"6":0,"7":0},"f":{"0":0,"1":0,"2":0},"b":{}}
,"C:\\Users\\wangr\\OneDrive\\Documents\\GitHub\\Your mom\\TaskTree\\frontend\\src\\components\\layout\\Landing.js": {"path":"C:\\Users\\wangr\\OneDrive\\Documents\\GitHub\\Your mom\\TaskTree\\frontend\\src\\components\\layout\\Landing.js","statementMap":{"0":{"start":{"line":6,"column":4},"end":{"line":49,"column":6}}},"fnMap":{"0":{"name":"(anonymous_0)","decl":{"start":{"line":5,"column":2},"end":{"line":5,"column":3}},"loc":{"start":{"line":5,"column":11},"end":{"line":50,"column":3}},"line":5}},"branchMap":{},"s":{"0":0},"f":{"0":0},"b":{}}
,"C:\\Users\\wangr\\OneDrive\\Documents\\GitHub\\Your mom\\TaskTree\\frontend\\src\\components\\layout\\Navbar.js": {"path":"C:\\Users\\wangr\\OneDrive\\Documents\\GitHub\\Your mom\\TaskTree\\frontend\\src\\components\\layout\\Navbar.js","statementMap":{"0":{"start":{"line":6,"column":4},"end":{"line":23,"column":6}}},"fnMap":{"0":{"name":"(anonymous_0)","decl":{"start":{"line":5,"column":2},"end":{"line":5,"column":3}},"loc":{"start":{"line":5,"column":11},"end":{"line":24,"column":3}},"line":5}},"branchMap":{},"s":{"0":0},"f":{"0":0},"b":{}}
,"C:\\Users\\wangr\\OneDrive\\Documents\\GitHub\\Your mom\\TaskTree\\frontend\\src\\components\\private-route\\PrivateRoute.js": {"path":"C:\\Users\\wangr\\OneDrive\\Documents\\GitHub\\Your mom\\TaskTree\\frontend\\src\\components\\private-route\\PrivateRoute.js","statementMap":{"0":{"start":{"line":5,"column":21},"end":{"line":16,"column":1}},"1":{"start":{"line":6,"column":2},"end":{"line":15,"column":4}},"2":{"start":{"line":9,"column":6},"end":{"line":13,"column":7}},"3":{"start":{"line":17,"column":0},"end":{"line":19,"column":2}},"4":{"start":{"line":20,"column":24},"end":{"line":22,"column":2}},"5":{"start":{"line":20,"column":36},"end":{"line":22,"column":1}}},"fnMap":{"0":{"name":"(anonymous_0)","decl":{"start":{"line":5,"column":21},"end":{"line":5,"column":22}},"loc":{"start":{"line":6,"column":2},"end":{"line":15,"column":4}},"line":6},"1":{"name":"(anonymous_1)","decl":{"start":{"line":8,"column":12},"end":{"line":8,"column":13}},"loc":{"start":{"line":9,"column":6},"end":{"line":13,"column":7}},"line":9},"2":{"name":"(anonymous_2)","decl":{"start":{"line":20,"column":24},"end":{"line":20,"column":25}},"loc":{"start":{"line":20,"column":36},"end":{"line":22,"column":1}},"line":20}},"branchMap":{"0":{"loc":{"start":{"line":9,"column":6},"end":{"line":13,"column":7}},"type":"cond-expr","locations":[{"start":{"line":10,"column":8},"end":{"line":10,"column":32}},{"start":{"line":12,"column":8},"end":{"line":12,"column":32}}],"line":9}},"s":{"0":0,"1":0,"2":0,"3":0,"4":0,"5":0},"f":{"0":0,"1":0,"2":0},"b":{"0":[0,0]}}
,"C:\\Users\\wangr\\OneDrive\\Documents\\GitHub\\Your mom\\TaskTree\\frontend\\src\\reducers\\authReducer.js": {"path":"C:\\Users\\wangr\\OneDrive\\Documents\\GitHub\\Your mom\\TaskTree\\frontend\\src\\reducers\\authReducer.js","statementMap":{"0":{"start":{"line":2,"column":16},"end":{"line":2,"column":35}},"1":{"start":{"line":4,"column":21},"end":{"line":8,"column":1}},"2":{"start":{"line":10,"column":2},"end":{"line":24,"column":3}},"3":{"start":{"line":12,"column":6},"end":{"line":16,"column":8}},"4":{"start":{"line":18,"column":6},"end":{"line":21,"column":8}},"5":{"start":{"line":23,"column":6},"end":{"line":23,"column":19}}},"fnMap":{"0":{"name":"(anonymous_0)","decl":{"start":{"line":9,"column":15},"end":{"line":9,"column":16}},"loc":{"start":{"line":9,"column":55},"end":{"line":25,"column":1}},"line":9}},"branchMap":{"0":{"loc":{"start":{"line":9,"column":25},"end":{"line":9,"column":45}},"type":"default-arg","locations":[{"start":{"line":9,"column":33},"end":{"line":9,"column":45}}],"line":9},"1":{"loc":{"start":{"line":10,"column":2},"end":{"line":24,"column":3}},"type":"switch","locations":[{"start":{"line":11,"column":4},"end":{"line":16,"column":8}},{"start":{"line":17,"column":4},"end":{"line":21,"column":8}},{"start":{"line":22,"column":4},"end":{"line":23,"column":19}}],"line":10}},"s":{"0":0,"1":0,"2":0,"3":0,"4":0,"5":0},"f":{"0":0},"b":{"0":[0],"1":[0,0,0]}}
,"C:\\Users\\wangr\\OneDrive\\Documents\\GitHub\\Your mom\\TaskTree\\frontend\\src\\reducers\\errorReducer.js": {"path":"C:\\Users\\wangr\\OneDrive\\Documents\\GitHub\\Your mom\\TaskTree\\frontend\\src\\reducers\\errorReducer.js","statementMap":{"0":{"start":{"line":2,"column":21},"end":{"line":2,"column":23}},"1":{"start":{"line":4,"column":2},"end":{"line":9,"column":3}},"2":{"start":{"line":6,"column":6},"end":{"line":6,"column":28}},"3":{"start":{"line":8,"column":6},"end":{"line":8,"column":19}}},"fnMap":{"0":{"name":"(anonymous_0)","decl":{"start":{"line":3,"column":15},"end":{"line":3,"column":16}},"loc":{"start":{"line":3,"column":55},"end":{"line":10,"column":1}},"line":3}},"branchMap":{"0":{"loc":{"start":{"line":3,"column":25},"end":{"line":3,"column":45}},"type":"default-arg","locations":[{"start":{"line":3,"column":33},"end":{"line":3,"column":45}}],"line":3},"1":{"loc":{"start":{"line":4,"column":2},"end":{"line":9,"column":3}},"type":"switch","locations":[{"start":{"line":5,"column":4},"end":{"line":6,"column":28}},{"start":{"line":7,"column":4},"end":{"line":8,"column":19}}],"line":4}},"s":{"0":0,"1":0,"2":0,"3":0},"f":{"0":0},"b":{"0":[0],"1":[0,0]}}
,"C:\\Users\\wangr\\OneDrive\\Documents\\GitHub\\Your mom\\TaskTree\\frontend\\src\\reducers\\rootReducer.js": {"path":"C:\\Users\\wangr\\OneDrive\\Documents\\GitHub\\Your mom\\TaskTree\\frontend\\src\\reducers\\rootReducer.js","statementMap":{},"fnMap":{},"branchMap":{},"s":{},"f":{},"b":{}}
,"C:\\Users\\wangr\\OneDrive\\Documents\\GitHub\\Your mom\\TaskTree\\frontend\\src\\utils\\setAuthToken.js": {"path":"C:\\Users\\wangr\\OneDrive\\Documents\\GitHub\\Your mom\\TaskTree\\frontend\\src\\utils\\setAuthToken.js","statementMap":{"0":{"start":{"line":2,"column":21},"end":{"line":10,"column":1}},"1":{"start":{"line":3,"column":2},"end":{"line":9,"column":3}},"2":{"start":{"line":5,"column":4},"end":{"line":5,"column":59}},"3":{"start":{"line":8,"column":4},"end":{"line":8,"column":58}}},"fnMap":{"0":{"name":"(anonymous_0)","decl":{"start":{"line":2,"column":21},"end":{"line":2,"column":22}},"loc":{"start":{"line":2,"column":32},"end":{"line":10,"column":1}},"line":2}},"branchMap":{"0":{"loc":{"start":{"line":3,"column":2},"end":{"line":9,"column":3}},"type":"if","locations":[{"start":{"line":3,"column":2},"end":{"line":9,"column":3}},{"start":{"line":6,"column":9},"end":{"line":9,"column":3}}],"line":3}},"s":{"0":0,"1":0,"2":0,"3":0},"f":{"0":0},"b":{"0":[0,0]}}
}
