{"C:\\Users\\wangr\\OneDrive\\Documents\\GitHub\\Your mom\\TaskTree\\frontend\\src\\components\\SidebarData.js": {"path":"C:\\Users\\wangr\\OneDrive\\Documents\\GitHub\\Your mom\\TaskTree\\frontend\\src\\components\\SidebarData.js","statementMap":{"0":{"start":{"line":8,"column":27},"end":{"line":27,"column":1}}},"fnMap":{},"branchMap":{},"s":{"0":1},"f":{},"b":{},"_coverageSchema":"1a1c01bbd47fc00a2c39e90264f33305004495a9","hash":"6da272bfd29e02dcec4eec8eee2d901655efed0f"}
,"C:\\Users\\wangr\\OneDrive\\Documents\\GitHub\\Your mom\\TaskTree\\frontend\\src\\components\\dashboard\\Dashboard.js": {"path":"C:\\Users\\wangr\\OneDrive\\Documents\\GitHub\\Your mom\\TaskTree\\frontend\\src\\components\\dashboard\\Dashboard.js","statementMap":{"0":{"start":{"line":16,"column":18},"end":{"line":19,"column":3}},"1":{"start":{"line":17,"column":4},"end":{"line":17,"column":23}},"2":{"start":{"line":18,"column":4},"end":{"line":18,"column":28}},"3":{"start":{"line":21,"column":21},"end":{"line":21,"column":36}},"4":{"start":{"line":22,"column":4},"end":{"line":200,"column":6}},"5":{"start":{"line":203,"column":0},"end":{"line":206,"column":2}},"6":{"start":{"line":207,"column":24},"end":{"line":209,"column":2}},"7":{"start":{"line":207,"column":36},"end":{"line":209,"column":1}}},"fnMap":{"0":{"name":"(anonymous_0)","decl":{"start":{"line":16,"column":18},"end":{"line":16,"column":19}},"loc":{"start":{"line":16,"column":25},"end":{"line":19,"column":3}},"line":16},"1":{"name":"(anonymous_1)","decl":{"start":{"line":20,"column":2},"end":{"line":20,"column":3}},"loc":{"start":{"line":20,"column":11},"end":{"line":201,"column":3}},"line":20},"2":{"name":"(anonymous_2)","decl":{"start":{"line":207,"column":24},"end":{"line":207,"column":25}},"loc":{"start":{"line":207,"column":36},"end":{"line":209,"column":1}},"line":207}},"branchMap":{},"s":{"0":0,"1":0,"2":0,"3":0,"4":0,"5":0,"6":0,"7":0},"f":{"0":0,"1":0,"2":0},"b":{}}
}
