TN:
SF:src\components\AddEventModal.js
FN:5,(anonymous_0)
FN:10,(anonymous_1)
FNF:2
FNH:1
FNDA:2,(anonymous_0)
FNDA:0,(anonymous_1)
DA:6,2
DA:7,2
DA:8,2
DA:10,2
LF:4
LH:4
BRF:0
BRH:0
end_of_record
TN:
SF:src\components\Dashboardform.js
FN:4,Dashboardform
FN:9,(anonymous_1)
FN:13,(anonymous_2)
FN:17,(anonymous_3)
FNF:4
FNH:2
FNDA:3,Dashboardform
FNDA:3,(anonymous_1)
FNDA:0,(anonymous_2)
FNDA:0,(anonymous_3)
DA:5,3
DA:7,3
DA:9,3
DA:10,3
DA:13,3
DA:14,0
DA:17,3
DA:33,3
LF:8
LH:7
BRDA:5,0,0,0
BRDA:5,0,1,3
BRDA:35,1,0,0
BRDA:35,1,1,3
BRF:4
BRH:2
end_of_record
TN:
SF:src\components\forgotPage.js
FN:3,Forgot
FNF:1
FNH:1
FNDA:1,Forgot
DA:4,1
LF:1
LH:1
BRF:0
BRH:0
end_of_record
TN:
SF:src\components\registerPage.js
FN:3,Register
FNF:1
FNH:1
FNDA:1,Register
DA:4,1
LF:1
LH:1
BRF:0
BRH:0
end_of_record
