TN:
SF:src\App.js
FN:43,App
FNF:1
FNH:0
FNDA:0,App
DA:25,0
DA:27,0
DA:28,0
DA:30,0
DA:32,0
DA:34,0
DA:35,0
DA:37,0
DA:39,0
DA:44,0
LF:10
LH:0
BRDA:25,0,0,0
BRDA:25,0,1,0
BRDA:35,1,0,0
BRDA:35,1,1,0
BRF:4
BRH:0
end_of_record
TN:
SF:src\index.js
FNF:0
FNH:0
DA:9,0
DA:19,0
LF:2
LH:0
BRF:0
BRH:0
end_of_record
TN:
SF:src\reportWebVitals.js
FN:1,(anonymous_0)
FN:3,(anonymous_1)
FNF:2
FNH:0
FNDA:0,(anonymous_0)
FNDA:0,(anonymous_1)
DA:1,0
DA:2,0
DA:3,0
DA:4,0
DA:5,0
DA:6,0
DA:7,0
DA:8,0
LF:8
LH:0
BRDA:2,0,0,0
BRDA:2,0,1,0
BRDA:2,1,0,0
BRDA:2,1,1,0
BRF:4
BRH:0
end_of_record
TN:
SF:src\store.js
FNF:0
FNH:0
DA:4,0
DA:5,0
DA:6,0
LF:3
LH:0
BRDA:11,0,0,0
BRDA:11,0,1,0
BRF:2
BRH:0
end_of_record
TN:
SF:src\actions\authActions.js
FN:6,(anonymous_0)
FN:6,(anonymous_1)
FN:9,(anonymous_2)
FN:10,(anonymous_3)
FN:18,(anonymous_4)
FN:18,(anonymous_5)
FN:21,(anonymous_6)
FN:34,(anonymous_7)
FN:42,(anonymous_8)
FN:49,(anonymous_9)
FN:55,(anonymous_10)
FN:55,(anonymous_11)
FNF:12
FNH:0
FNDA:0,(anonymous_0)
FNDA:0,(anonymous_1)
FNDA:0,(anonymous_2)
FNDA:0,(anonymous_3)
FNDA:0,(anonymous_4)
FNDA:0,(anonymous_5)
FNDA:0,(anonymous_6)
FNDA:0,(anonymous_7)
FNDA:0,(anonymous_8)
FNDA:0,(anonymous_9)
FNDA:0,(anonymous_10)
FNDA:0,(anonymous_11)
DA:6,0
DA:7,0
DA:9,0
DA:11,0
DA:18,0
DA:19,0
DA:24,0
DA:25,0
DA:27,0
DA:29,0
DA:30,0
DA:32,0
DA:35,0
DA:42,0
DA:43,0
DA:49,0
DA:50,0
DA:55,0
DA:57,0
DA:59,0
DA:61,0
LF:21
LH:0
BRF:0
BRH:0
end_of_record
TN:
SF:src\actions\types.js
FNF:0
FNH:0
DA:1,0
DA:2,0
DA:3,0
LF:3
LH:0
BRF:0
BRH:0
end_of_record
TN:
SF:src\components\AddEventModal.js
FN:5,(anonymous_0)
FN:10,(anonymous_1)
FN:24,(anonymous_2)
FN:28,(anonymous_3)
FN:33,(anonymous_4)
FNF:5
FNH:1
FNDA:5,(anonymous_0)
FNDA:0,(anonymous_1)
FNDA:0,(anonymous_2)
FNDA:0,(anonymous_3)
FNDA:0,(anonymous_4)
DA:6,5
DA:7,5
DA:8,5
DA:10,5
DA:11,0
DA:13,0
DA:18,0
DA:21,5
DA:24,0
DA:28,0
DA:33,0
LF:11
LH:5
BRF:0
BRH:0
end_of_record
TN:
SF:src\components\Calendar.js
FN:8,(anonymous_0)
FN:13,(anonymous_1)
FN:22,handleEventAdd
FN:27,handleDatesSet
FN:34,(anonymous_4)
FN:41,(anonymous_5)
FN:42,(anonymous_6)
FN:48,(anonymous_7)
FN:49,(anonymous_8)
FNF:9
FNH:4
FNDA:4,(anonymous_0)
FNDA:0,(anonymous_1)
FNDA:0,handleEventAdd
FNDA:3,handleDatesSet
FNDA:1,(anonymous_4)
FNDA:0,(anonymous_5)
FNDA:3,(anonymous_6)
FNDA:0,(anonymous_7)
FNDA:0,(anonymous_8)
DA:9,4
DA:10,4
DA:11,4
DA:13,4
DA:14,0
DA:15,0
DA:23,0
DA:24,0
DA:28,3
DA:29,0
DA:32,4
DA:34,1
DA:41,0
DA:42,3
DA:48,0
DA:49,0
LF:16
LH:8
BRF:0
BRH:0
end_of_record
TN:
SF:src\components\Dashboard.js
FN:6,Dashboard
FN:12,(anonymous_1)
FN:25,(anonymous_2)
FN:30,(anonymous_3)
FN:35,(anonymous_4)
FN:39,(anonymous_5)
FNF:6
FNH:1
FNDA:4,Dashboard
FNDA:0,(anonymous_1)
FNDA:0,(anonymous_2)
FNDA:0,(anonymous_3)
FNDA:0,(anonymous_4)
FNDA:0,(anonymous_5)
DA:7,4
DA:12,4
DA:13,0
DA:14,0
DA:20,4
DA:21,0
DA:25,4
DA:26,0
DA:30,0
DA:35,0
DA:39,0
LF:11
LH:4
BRDA:20,0,0,0
BRDA:20,0,1,4
BRDA:27,1,0,0
BRDA:27,1,1,0
BRF:4
BRH:1
end_of_record
TN:
SF:src\components\DashboardList.js
FN:10,DashboardList
FN:13,(anonymous_1)
FN:24,(anonymous_2)
FN:29,(anonymous_3)
FN:29,(anonymous_4)
FN:33,(anonymous_5)
FN:34,(anonymous_6)
FN:40,(anonymous_7)
FN:41,(anonymous_8)
FNF:9
FNH:1
FNDA:2,DashboardList
FNDA:0,(anonymous_1)
FNDA:0,(anonymous_2)
FNDA:0,(anonymous_3)
FNDA:0,(anonymous_4)
FNDA:0,(anonymous_5)
FNDA:0,(anonymous_6)
FNDA:0,(anonymous_7)
FNDA:0,(anonymous_8)
DA:11,2
DA:13,2
DA:14,0
DA:15,0
DA:18,0
DA:20,0
DA:24,2
DA:25,0
DA:26,0
DA:29,0
DA:33,2
DA:34,0
DA:36,0
DA:40,2
DA:41,0
DA:42,0
DA:43,0
DA:45,0
DA:47,0
DA:50,2
LF:20
LH:6
BRDA:14,0,0,0
BRDA:14,0,1,0
BRDA:14,1,0,0
BRDA:14,1,1,0
BRDA:25,2,0,0
BRDA:25,2,1,0
BRDA:25,3,0,0
BRDA:25,3,1,0
BRDA:29,4,0,0
BRDA:29,4,1,0
BRDA:42,5,0,0
BRDA:42,5,1,0
BRF:12
BRH:0
end_of_record
TN:
SF:src\components\Dashboardform.js
FN:4,Dashboardform
FN:9,(anonymous_1)
FN:13,(anonymous_2)
FN:17,(anonymous_3)
FNF:4
FNH:3
FNDA:5,Dashboardform
FNDA:4,(anonymous_1)
FNDA:0,(anonymous_2)
FNDA:1,(anonymous_3)
DA:5,5
DA:7,5
DA:9,5
DA:10,4
DA:13,5
DA:14,0
DA:17,5
DA:18,1
DA:20,1
DA:25,0
DA:26,0
DA:29,0
DA:30,0
DA:33,5
LF:14
LH:9
BRDA:5,0,0,0
BRDA:5,0,1,5
BRDA:35,1,0,0
BRDA:35,1,1,5
BRF:4
BRH:2
end_of_record
TN:
SF:src\components\Navbar.js
FN:9,Navbar
FN:12,(anonymous_1)
FN:28,(anonymous_2)
FNF:3
FNH:2
FNDA:2,Navbar
FNDA:0,(anonymous_1)
FNDA:6,(anonymous_2)
DA:10,2
DA:12,2
DA:13,2
DA:29,6
LF:4
LH:4
BRDA:21,0,0,0
BRDA:21,0,1,2
BRF:2
BRH:1
end_of_record
TN:
SF:src\components\SidebarData.js
FNF:0
FNH:0
DA:8,1
LF:1
LH:1
BRF:0
BRH:0
end_of_record
TN:
SF:src\components\forgotPage.js
FN:3,Forgot
FNF:1
FNH:1
FNDA:1,Forgot
DA:4,1
LF:1
LH:1
BRF:0
BRH:0
end_of_record
TN:
SF:src\components\loginPage.js
FN:20,userReducer
FN:32,UserProvider
FN:46,useUserState
FN:54,useUserDispatch
FN:65,loginUser
FN:70,(anonymous_5)
FN:89,signOut
FN:95,Login
FN:118,(anonymous_8)
FN:149,(anonymous_9)
FN:164,(anonymous_10)
FN:178,(anonymous_11)
FN:227,(anonymous_12)
FN:242,(anonymous_13)
FN:257,(anonymous_14)
FN:268,(anonymous_15)
FNF:16
FNH:0
FNDA:0,userReducer
FNDA:0,UserProvider
FNDA:0,useUserState
FNDA:0,useUserDispatch
FNDA:0,loginUser
FNDA:0,(anonymous_5)
FNDA:0,signOut
FNDA:0,Login
FNDA:0,(anonymous_8)
FNDA:0,(anonymous_9)
FNDA:0,(anonymous_10)
FNDA:0,(anonymous_11)
FNDA:0,(anonymous_12)
FNDA:0,(anonymous_13)
FNDA:0,(anonymous_14)
FNDA:0,(anonymous_15)
DA:17,0
DA:18,0
DA:21,0
DA:23,0
DA:25,0
DA:27,0
DA:33,0
DA:37,0
DA:47,0
DA:48,0
DA:49,0
DA:51,0
DA:55,0
DA:56,0
DA:58,0
DA:66,0
DA:67,0
DA:69,0
DA:70,0
DA:71,0
DA:72,0
DA:73,0
DA:77,0
DA:79,0
DA:83,0
DA:84,0
DA:85,0
DA:90,0
DA:91,0
DA:92,0
DA:96,0
DA:99,0
DA:102,0
DA:103,0
DA:104,0
DA:105,0
DA:106,0
DA:107,0
DA:109,0
DA:118,0
DA:149,0
DA:164,0
DA:179,0
DA:227,0
DA:242,0
DA:257,0
DA:269,0
LF:47
LH:0
BRDA:21,0,0,0
BRDA:21,0,1,0
BRDA:21,0,2,0
BRDA:48,1,0,0
BRDA:48,1,1,0
BRDA:56,2,0,0
BRDA:56,2,1,0
BRDA:69,3,0,0
BRDA:69,3,1,0
BRDA:69,4,0,0
BRDA:69,4,1,0
BRDA:126,5,0,0
BRDA:126,5,1,0
BRDA:171,6,0,0
BRDA:171,6,1,0
BRDA:176,7,0,0
BRDA:176,7,1,0
BRDA:205,8,0,0
BRDA:205,8,1,0
BRDA:264,9,0,0
BRDA:264,9,1,0
BRDA:279,10,0,0
BRDA:279,10,1,0
BRDA:279,10,2,0
BRF:24
BRH:0
end_of_record
TN:
SF:src\components\oldLogin.js
FN:9,(anonymous_0)
FN:17,(anonymous_1)
FN:23,(anonymous_2)
FN:34,(anonymous_3)
FN:37,(anonymous_4)
FN:46,(anonymous_5)
FN:106,(anonymous_6)
FNF:7
FNH:0
FNDA:0,(anonymous_0)
FNDA:0,(anonymous_1)
FNDA:0,(anonymous_2)
FNDA:0,(anonymous_3)
FNDA:0,(anonymous_4)
FNDA:0,(anonymous_5)
FNDA:0,(anonymous_6)
DA:10,0
DA:11,0
DA:19,0
DA:20,0
DA:24,0
DA:25,0
DA:27,0
DA:28,0
DA:34,0
DA:35,0
DA:37,0
DA:38,0
DA:39,0
DA:43,0
DA:44,0
DA:47,0
DA:48,0
DA:49,0
DA:50,0
DA:101,0
DA:106,0
LF:21
LH:0
BRDA:19,0,0,0
BRDA:19,0,1,0
BRDA:24,1,0,0
BRDA:24,1,1,0
BRDA:27,2,0,0
BRDA:27,2,1,0
BRDA:64,3,0,0
BRDA:64,3,1,0
BRDA:81,4,0,0
BRDA:81,4,1,0
BRF:10
BRH:0
end_of_record
TN:
SF:src\components\oldRegister.js
FN:8,(anonymous_0)
FN:17,(anonymous_1)
FN:23,(anonymous_2)
FN:30,(anonymous_3)
FN:33,(anonymous_4)
FN:42,(anonymous_5)
FN:109,(anonymous_6)
FNF:7
FNH:0
FNDA:0,(anonymous_0)
FNDA:0,(anonymous_1)
FNDA:0,(anonymous_2)
FNDA:0,(anonymous_3)
FNDA:0,(anonymous_4)
FNDA:0,(anonymous_5)
FNDA:0,(anonymous_6)
DA:9,0
DA:10,0
DA:19,0
DA:20,0
DA:24,0
DA:25,0
DA:30,0
DA:31,0
DA:33,0
DA:34,0
DA:35,0
DA:40,0
DA:43,0
DA:44,0
DA:45,0
DA:104,0
DA:109,0
LF:17
LH:0
BRDA:19,0,0,0
BRDA:19,0,1,0
BRDA:24,1,0,0
BRDA:24,1,1,0
BRF:4
BRH:0
end_of_record
TN:
SF:src\components\registerPage.js
FN:3,Register
FNF:1
FNH:1
FNDA:1,Register
DA:4,1
LF:1
LH:1
BRF:0
BRH:0
end_of_record
TN:
SF:src\components\dashboard\Dashboard.js
FN:16,(anonymous_0)
FN:20,(anonymous_1)
FN:207,(anonymous_2)
FNF:3
FNH:0
FNDA:0,(anonymous_0)
FNDA:0,(anonymous_1)
FNDA:0,(anonymous_2)
DA:16,0
DA:17,0
DA:18,0
DA:21,0
DA:22,0
DA:203,0
DA:207,0
LF:7
LH:0
BRF:0
BRH:0
end_of_record
TN:
SF:src\components\layout\Landing.js
FN:5,(anonymous_0)
FNF:1
FNH:0
FNDA:0,(anonymous_0)
DA:6,0
LF:1
LH:0
BRF:0
BRH:0
end_of_record
TN:
SF:src\components\layout\Navbar.js
FN:5,(anonymous_0)
FNF:1
FNH:0
FNDA:0,(anonymous_0)
DA:6,0
LF:1
LH:0
BRF:0
BRH:0
end_of_record
TN:
SF:src\components\private-route\PrivateRoute.js
FN:5,(anonymous_0)
FN:8,(anonymous_1)
FN:20,(anonymous_2)
FNF:3
FNH:0
FNDA:0,(anonymous_0)
FNDA:0,(anonymous_1)
FNDA:0,(anonymous_2)
DA:5,0
DA:6,0
DA:9,0
DA:17,0
DA:20,0
LF:5
LH:0
BRDA:9,0,0,0
BRDA:9,0,1,0
BRF:2
BRH:0
end_of_record
TN:
SF:src\reducers\authReducer.js
FN:9,(anonymous_0)
FNF:1
FNH:0
FNDA:0,(anonymous_0)
DA:2,0
DA:4,0
DA:10,0
DA:12,0
DA:18,0
DA:23,0
LF:6
LH:0
BRDA:9,0,0,0
BRDA:10,1,0,0
BRDA:10,1,1,0
BRDA:10,1,2,0
BRF:4
BRH:0
end_of_record
TN:
SF:src\reducers\errorReducer.js
FN:3,(anonymous_0)
FNF:1
FNH:0
FNDA:0,(anonymous_0)
DA:2,0
DA:4,0
DA:6,0
DA:8,0
LF:4
LH:0
BRDA:3,0,0,0
BRDA:4,1,0,0
BRDA:4,1,1,0
BRF:3
BRH:0
end_of_record
TN:
SF:src\reducers\rootReducer.js
FNF:0
FNH:0
LF:0
LH:0
BRF:0
BRH:0
end_of_record
TN:
SF:src\utils\setAuthToken.js
FN:2,(anonymous_0)
FNF:1
FNH:0
FNDA:0,(anonymous_0)
DA:2,0
DA:3,0
DA:5,0
DA:8,0
LF:4
LH:0
BRDA:3,0,0,0
BRDA:3,0,1,0
BRF:2
BRH:0
end_of_record
